#
# A fatal error has been detected by the Java Runtime Environment:
#
#  SIGSEGV (0xb) at pc=0x000000010d357668, pid=34915, tid=15619
#
# JRE version: 7.0_15-b03
# Java VM: Java HotSpot(TM) 64-Bit Server VM (23.7-b01 mixed mode bsd-amd64 compressed oops)
# Problematic frame:
# V  [libjvm.dylib+0x41d668]
#
# Failed to write core dump. Core dumps have been disabled. To enable core dumping, try "ulimit -c unlimited" before starting Java again
#
# If you would like to submit a bug report, please visit:
#   http://bugreport.sun.com/bugreport/crash.jsp
#

---------------  T H R E A D  ---------------

Current thread (0x00007ff82f002000):  VMThread [stack: 0x000000018a2e0000,0x000000018a3e0000] [id=15619]

siginfo:si_signo=SIGSEGV: si_errno=0, si_code=1 (SEGV_MAPERR), si_addr=0x000000000000000a

Registers:
RAX=0x0000000000000000, RBX=0x000000018a3df3b8, RCX=0x0000000000000000, RDX=0x0000000000000000
RSP=0x000000018a3df270, RBP=0x000000018a3df380, RSI=0x0000000000000028, RDI=0x000000018a3df3b8
R8 =0x000000000000006c, R9 =0x000000008a000000, R10=0x000000000000000a, R11=0x00007ff82bd08c60
R12=0x000000018a3df3b8, R13=0x0000000000000bb0, R14=0x0000000000000000, R15=0x000000018a3df9b8
RIP=0x000000010d357668, EFLAGS=0x0000000000010202, ERR=0x0000000000000004
  TRAPNO=0x000000000000000e

Top of Stack: (sp=0x000000018a3df270)
0x000000018a3df270:   000000018a3df2b0 00007fff8a407165
0x000000018a3df280:   00007ff82bd089e0 0000206004000000
0x000000018a3df290:   00c2490000c24900 0000000000007fe8
0x000000018a3df2a0:   00007ff82e8a1a00 0000000000007fd8
0x000000018a3df2b0:   000000018a3df2c0 000000010d3b55bd
0x000000018a3df2c0:   000000018a3df2f0 000000010cfad1b6
0x000000018a3df2d0:   0000000000000000 0000000000000000
0x000000018a3df2e0:   00000000000002f0 00007ff82bb044e0
0x000000018a3df2f0:   000000018a3df320 000000010d3d6724
0x000000018a3df300:   00007ff82c000800 00007ff82c000800
0x000000018a3df310:   000000018a3df688 000000018a3df658
0x000000018a3df320:   000000018a3df640 000000010d3d7aba
0x000000018a3df330:   0000000000000000 0000000000000000
0x000000018a3df340:   0000000000000000 0000000000000000
0x000000018a3df350:   000000018a3df380 000000010d357474
0x000000018a3df360:   0000000000000000 000000018a3df3b8
0x000000018a3df370:   000000018a3df3b8 0000000000000000
0x000000018a3df380:   000000018a3df3a0 000000010d357762
0x000000018a3df390:   0000000000000000 000000000000006c
0x000000018a3df3a0:   000000018a3df820 000000010d16614e
0x000000018a3df3b0:   0000000000000000 000000010d5dc2b0
0x000000018a3df3c0:   0000000000000000 0000000000000000
0x000000018a3df3d0:   000000000000000e 000000018a3df7f0
0x000000018a3df3e0:   0000000000000000 4fffffff4fffffff
0x000000018a3df3f0:   000000004fffffff 0000000000000000
0x000000018a3df400:   0000000000000000 0000000000000000
0x000000018a3df410:   0000000000000000 0000000000000000
0x000000018a3df420:   0000000000000000 0000000000000000
0x000000018a3df430:   000000018a3df460 000000010d357474
0x000000018a3df440:   0000000000000000 000000018a3df498
0x000000018a3df450:   000000018a3df498 0000000000000002
0x000000018a3df460:   0000000147000000 000000014fffffff 

Instructions: (pc=0x000000010d357668)
0x000000010d357648:   83 c4 08 5b 5d e9 7c ff ff ff 55 48 89 e5 41 56
0x000000010d357658:   53 48 81 ec 00 01 00 00 48 63 47 10 48 8b 4f 08
0x000000010d357668:   40 38 74 01 0a 48 89 fb 74 38 40 0f be d6 4c 8d
0x000000010d357678:   b5 f0 fe ff ff 48 8d 35 d9 53 0e 00 30 c0 4c 89 

Register to memory mapping:

RAX=0x0000000000000000 is an unknown value
RBX=0x000000018a3df3b8 is an unknown value
RCX=0x0000000000000000 is an unknown value
RDX=0x0000000000000000 is an unknown value
RSP=0x000000018a3df270 is an unknown value
RBP=0x000000018a3df380 is an unknown value
RSI=0x0000000000000028 is an unknown value
RDI=0x000000018a3df3b8 is an unknown value
R8 =0x000000000000006c is an unknown value
R9 =0x000000008a000000 is an unknown value
R10=0x000000000000000a is an unknown value
R11=0x00007ff82bd08c60 is an unknown value
R12=0x000000018a3df3b8 is an unknown value
R13=0x0000000000000bb0 is an unknown value
R14=0x0000000000000000 is an unknown value
R15=0x000000018a3df9b8 is an unknown value


Stack: [0x000000018a2e0000,0x000000018a3e0000],  sp=0x000000018a3df270,  free space=1020k
Native frames: (J=compiled Java code, j=interpreted, Vv=VM code, C=native code)
V  [libjvm.dylib+0x41d668]
V  [libjvm.dylib+0x41d762]
V  [libjvm.dylib+0x22c14e]
V  [libjvm.dylib+0x22db09]
V  [libjvm.dylib+0x22dd1d]
V  [libjvm.dylib+0x22e192]
V  [libjvm.dylib+0x22e520]
V  [libjvm.dylib+0x3ae791]
V  [libjvm.dylib+0x3ae8f1]
V  [libjvm.dylib+0x3aeb14]
V  [libjvm.dylib+0x49d491]
V  [libjvm.dylib+0x309edd]
V  [libjvm.dylib+0x4a9f05]
V  [libjvm.dylib+0x4a8c8a]
V  [libjvm.dylib+0x4a9078]
V  [libjvm.dylib+0x4a8a27]
V  [libjvm.dylib+0x3b5191]
C  [libsystem_c.dylib+0x14772]  _pthread_start+0x147
C  [libsystem_c.dylib+0x11a1]  thread_start+0xd

VM_Operation (0x000000018a93d9a0): GetOrSetLocal, mode: safepoint, requested by thread 0x00007ff82d003000


---------------  P R O C E S S  ---------------

Java Threads: ( => current thread )
  0x00007ff82e83f000 JavaThread "Service Thread" daemon [_thread_blocked, id=22019, stack(0x000000018ad4d000,0x000000018ae4d000)]
  0x00007ff82e83e000 JavaThread "C2 CompilerThread1" daemon [_thread_blocked, id=21763, stack(0x000000018ac4a000,0x000000018ad4a000)]
  0x00007ff82e83d800 JavaThread "C2 CompilerThread0" daemon [_thread_blocked, id=21507, stack(0x000000018ab47000,0x000000018ac47000)]
  0x00007ff82e83c800 JavaThread "JDWP Command Reader" daemon [_thread_in_native, id=21251, stack(0x000000018aa44000,0x000000018ab44000)]
  0x00007ff82d004000 JavaThread "JDWP Event Helper Thread" daemon [_thread_blocked, id=20995, stack(0x000000018a941000,0x000000018aa41000)]
  0x00007ff82d003000 JavaThread "JDWP Transport Listener: dt_socket" daemon [_thread_blocked, id=20739, stack(0x000000018a83e000,0x000000018a93e000)]
  0x00007ff82b00e000 JavaThread "Signal Dispatcher" daemon [_thread_blocked, id=20483, stack(0x000000018a735000,0x000000018a835000)]
  0x00007ff82f005800 JavaThread "Finalizer" daemon [_thread_blocked, id=16131, stack(0x000000018a4e6000,0x000000018a5e6000)]
  0x00007ff82f005000 JavaThread "Reference Handler" daemon [_thread_blocked, id=15875, stack(0x000000018a3e3000,0x000000018a4e3000)]
  0x00007ff82c000800 JavaThread "main" [_thread_blocked, id=5891, stack(0x000000010d9e2000,0x000000010dae2000)]

Other Threads:
=>0x00007ff82f002000 VMThread [stack: 0x000000018a2e0000,0x000000018a3e0000] [id=15619]
  0x00007ff82f00b800 WatcherThread [stack: 0x000000018ae50000,0x000000018af50000] [id=22275]

VM state:at safepoint (normal execution)

VM Mutex/Monitor currently owned by a thread:  ([mutex/lock_event])
[0x00007ff82b803fb0] Threads_lock - owner thread: 0x00007ff82f002000

Heap
 PSYoungGen      total 571072K, used 43911K [0x000000015e980000, 0x0000000182ed0000, 0x0000000182ed0000)
  eden space 546880K, 8% used [0x000000015e980000,0x0000000161461e58,0x000000017ff90000)
  from space 24192K, 0% used [0x000000017ff90000,0x000000017ff90000,0x0000000181730000)
  to   space 24064K, 0% used [0x0000000181750000,0x0000000181750000,0x0000000182ed0000)
 ParOldGen       total 126592K, used 61097K [0x0000000115ed0000, 0x000000011da70000, 0x000000015e980000)
  object space 126592K, 48% used [0x0000000115ed0000,0x0000000119a7a788,0x000000011da70000)
 PSPermGen       total 21248K, used 3987K [0x0000000110cd0000, 0x0000000112190000, 0x0000000115ed0000)
  object space 21248K, 18% used [0x0000000110cd0000,0x00000001110b4d18,0x0000000112190000)

Card table byte_map: [0x0000000182ed0000,0x0000000183262000] byte_map_base: 0x0000000182649980

Polling page: 0x000000010db21000

Code Cache  [0x000000010dbf8000, 0x000000010de68000, 0x0000000110bf8000)
 total_blobs=428 nmethods=236 adapters=152 free_code_cache=48148Kb largest_free_block=49277952

Compilation events (10 events):
Event: 63.320 Thread 0x00007ff82e83e000  209             java.lang.String::getChars (62 bytes)
Event: 63.321 Thread 0x00007ff82e83d800  210             java.lang.AbstractStringBuilder::append (48 bytes)
Event: 63.322 Thread 0x00007ff82e83e000 nmethod 209 0x000000010dc5aad0 code [0x000000010dc5ac20, 0x000000010dc5ae58]
Event: 63.323 Thread 0x00007ff82e83e000  211  s          java.lang.StringBuffer::append (8 bytes)
Event: 63.324 Thread 0x00007ff82e83d800 nmethod 210 0x000000010dcf1d90 code [0x000000010dcf1f00, 0x000000010dcf23f8]
Event: 63.327 Thread 0x00007ff82e83e000 nmethod 211 0x000000010dcf3490 code [0x000000010dcf3600, 0x000000010dcf3e98]
Event: 68.540 Thread 0x00007ff82e83d800  212             java.lang.AbstractStringBuilder::append (29 bytes)
Event: 68.540 Thread 0x00007ff82e83e000  213             java.lang.StringBuilder::append (8 bytes)
Event: 68.543 Thread 0x00007ff82e83d800 nmethod 212 0x000000010dcf2dd0 code [0x000000010dcf2f20, 0x000000010dcf3238]
Event: 68.543 Thread 0x00007ff82e83e000 nmethod 213 0x000000010dc6fed0 code [0x000000010dc70020, 0x000000010dc70378]

GC Heap History (10 events):
Event: 2.051 GC heap before
{Heap before GC invocations=8 (full 0):
 PSYoungGen      total 246720K, used 228330K [0x000000015e980000, 0x000000017cae0000, 0x0000000182ed0000)
  eden space 223616K, 100% used [0x000000015e980000,0x000000016c3e0000,0x000000016c3e0000)
  from space 23104K, 20% used [0x000000016c3e0000,0x000000016c87a868,0x000000016da70000)
  to   space 22848K, 0% used [0x000000017b490000,0x000000017b490000,0x000000017cae0000)
 ParOldGen       total 74368K, used 40181K [0x0000000115ed0000, 0x000000011a770000, 0x000000015e980000)
  object space 74368K, 54% used [0x0000000115ed0000,0x000000011860d5a8,0x000000011a770000)
 PSPermGen       total 21248K, used 3159K [0x0000000110cd0000, 0x0000000112190000, 0x0000000115ed0000)
  object space 21248K, 14% used [0x0000000110cd0000,0x0000000110fe5f10,0x0000000112190000)
Event: 2.054 GC heap after
Heap after GC invocations=8 (full 0):
 PSYoungGen      total 469952K, used 3136K [0x000000015e980000, 0x000000017cac0000, 0x0000000182ed0000)
  eden space 447232K, 0% used [0x000000015e980000,0x000000015e980000,0x0000000179e40000)
  from space 22720K, 13% used [0x000000017b490000,0x000000017b7a0000,0x000000017cac0000)
  to   space 22784K, 0% used [0x0000000179e40000,0x0000000179e40000,0x000000017b480000)
 ParOldGen       total 74368K, used 42387K [0x0000000115ed0000, 0x000000011a770000, 0x000000015e980000)
  object space 74368K, 56% used [0x0000000115ed0000,0x0000000118834fc0,0x000000011a770000)
 PSPermGen       total 21248K, used 3159K [0x0000000110cd0000, 0x0000000112190000, 0x0000000115ed0000)
  object space 21248K, 14% used [0x0000000110cd0000,0x0000000110fe5f10,0x0000000112190000)
}
Event: 2.917 GC heap before
{Heap before GC invocations=9 (full 0):
 PSYoungGen      total 469952K, used 450368K [0x000000015e980000, 0x000000017cac0000, 0x0000000182ed0000)
  eden space 447232K, 100% used [0x000000015e980000,0x0000000179e40000,0x0000000179e40000)
  from space 22720K, 13% used [0x000000017b490000,0x000000017b7a0000,0x000000017cac0000)
  to   space 22784K, 0% used [0x0000000179e40000,0x0000000179e40000,0x000000017b480000)
 ParOldGen       total 74368K, used 42387K [0x0000000115ed0000, 0x000000011a770000, 0x000000015e980000)
  object space 74368K, 56% used [0x0000000115ed0000,0x0000000118834fc0,0x000000011a770000)
 PSPermGen       total 21248K, used 3159K [0x0000000110cd0000, 0x0000000112190000, 0x0000000115ed0000)
  object space 21248K, 14% used [0x0000000110cd0000,0x0000000110fe5f10,0x0000000112190000)
Event: 2.920 GC heap after
Heap after GC invocations=9 (full 0):
 PSYoungGen      total 470016K, used 2176K [0x000000015e980000, 0x0000000182ea0000, 0x0000000182ed0000)
  eden space 447232K, 0% used [0x000000015e980000,0x000000015e980000,0x0000000179e40000)
  from space 22784K, 9% used [0x0000000179e40000,0x000000017a060000,0x000000017b480000)
  to   space 22656K, 0% used [0x0000000181880000,0x0000000181880000,0x0000000182ea0000)
 ParOldGen       total 74368K, used 44158K [0x0000000115ed0000, 0x000000011a770000, 0x000000015e980000)
  object space 74368K, 59% used [0x0000000115ed0000,0x00000001189ef800,0x000000011a770000)
 PSPermGen       total 21248K, used 3159K [0x0000000110cd0000, 0x0000000112190000, 0x0000000115ed0000)
  object space 21248K, 14% used [0x0000000110cd0000,0x0000000110fe5f10,0x0000000112190000)
}
Event: 3.677 GC heap before
{Heap before GC invocations=10 (full 0):
 PSYoungGen      total 470016K, used 449408K [0x000000015e980000, 0x0000000182ea0000, 0x0000000182ed0000)
  eden space 447232K, 100% used [0x000000015e980000,0x0000000179e40000,0x0000000179e40000)
  from space 22784K, 9% used [0x0000000179e40000,0x000000017a060000,0x000000017b480000)
  to   space 22656K, 0% used [0x0000000181880000,0x0000000181880000,0x0000000182ea0000)
 ParOldGen       total 74368K, used 44158K [0x0000000115ed0000, 0x000000011a770000, 0x000000015e980000)
  object space 74368K, 59% used [0x0000000115ed0000,0x00000001189ef800,0x000000011a770000)
 PSPermGen       total 21248K, used 3946K [0x0000000110cd0000, 0x0000000112190000, 0x0000000115ed0000)
  object space 21248K, 18% used [0x0000000110cd0000,0x00000001110aa9d8,0x0000000112190000)
Event: 3.690 GC heap after
Heap after GC invocations=10 (full 0):
 PSYoungGen      total 569536K, used 16561K [0x000000015e980000, 0x0000000182ed0000, 0x0000000182ed0000)
  eden space 546880K, 0% used [0x000000015e980000,0x000000015e980000,0x000000017ff90000)
  from space 22656K, 73% used [0x0000000181880000,0x00000001828ac748,0x0000000182ea0000)
  to   space 24192K, 0% used [0x000000017ff90000,0x000000017ff90000,0x0000000181730000)
 ParOldGen       total 74368K, used 45198K [0x0000000115ed0000, 0x000000011a770000, 0x000000015e980000)
  object space 74368K, 60% used [0x0000000115ed0000,0x0000000118af3800,0x000000011a770000)
 PSPermGen       total 21248K, used 3946K [0x0000000110cd0000, 0x0000000112190000, 0x0000000115ed0000)
  object space 21248K, 18% used [0x0000000110cd0000,0x00000001110aa9d8,0x0000000112190000)
}
Event: 4.270 GC heap before
{Heap before GC invocations=11 (full 0):
 PSYoungGen      total 569536K, used 563441K [0x000000015e980000, 0x0000000182ed0000, 0x0000000182ed0000)
  eden space 546880K, 100% used [0x000000015e980000,0x000000017ff90000,0x000000017ff90000)
  from space 22656K, 73% used [0x0000000181880000,0x00000001828ac748,0x0000000182ea0000)
  to   space 24192K, 0% used [0x000000017ff90000,0x000000017ff90000,0x0000000181730000)
 ParOldGen       total 74368K, used 45198K [0x0000000115ed0000, 0x000000011a770000, 0x000000015e980000)
  object space 74368K, 60% used [0x0000000115ed0000,0x0000000118af3800,0x000000011a770000)
 PSPermGen       total 21248K, used 3947K [0x0000000110cd0000, 0x0000000112190000, 0x0000000115ed0000)
  object space 21248K, 18% used [0x0000000110cd0000,0x00000001110aafe8,0x0000000112190000)
Event: 4.281 GC heap after
Heap after GC invocations=11 (full 0):
 PSYoungGen      total 571072K, used 1376K [0x000000015e980000, 0x0000000182ed0000, 0x0000000182ed0000)
  eden space 546880K, 0% used [0x000000015e980000,0x000000015e980000,0x000000017ff90000)
  from space 24192K, 5% used [0x000000017ff90000,0x00000001800e8000,0x0000000181730000)
  to   space 24064K, 0% used [0x0000000181750000,0x0000000181750000,0x0000000182ed0000)
 ParOldGen       total 74368K, used 61086K [0x0000000115ed0000, 0x000000011a770000, 0x000000015e980000)
  object space 74368K, 82% used [0x0000000115ed0000,0x0000000119a77808,0x000000011a770000)
 PSPermGen       total 21248K, used 3947K [0x0000000110cd0000, 0x0000000112190000, 0x0000000115ed0000)
  object space 21248K, 18% used [0x0000000110cd0000,0x00000001110aafe8,0x0000000112190000)
}
Event: 4.281 GC heap before
{Heap before GC invocations=12 (full 1):
 PSYoungGen      total 571072K, used 1376K [0x000000015e980000, 0x0000000182ed0000, 0x0000000182ed0000)
  eden space 546880K, 0% used [0x000000015e980000,0x000000015e980000,0x000000017ff90000)
  from space 24192K, 5% used [0x000000017ff90000,0x00000001800e8000,0x0000000181730000)
  to   space 24064K, 0% used [0x0000000181750000,0x0000000181750000,0x0000000182ed0000)
 ParOldGen       total 74368K, used 61086K [0x0000000115ed0000, 0x000000011a770000, 0x000000015e980000)
  object space 74368K, 82% used [0x0000000115ed0000,0x0000000119a77808,0x000000011a770000)
 PSPermGen       total 21248K, used 3947K [0x0000000110cd0000, 0x0000000112190000, 0x0000000115ed0000)
  object space 21248K, 18% used [0x0000000110cd0000,0x00000001110aafe8,0x0000000112190000)
Event: 4.466 GC heap after
Heap after GC invocations=12 (full 1):
 PSYoungGen      total 571072K, used 0K [0x000000015e980000, 0x0000000182ed0000, 0x0000000182ed0000)
  eden space 546880K, 0% used [0x000000015e980000,0x000000015e980000,0x000000017ff90000)
  from space 24192K, 0% used [0x000000017ff90000,0x000000017ff90000,0x0000000181730000)
  to   space 24064K, 0% used [0x0000000181750000,0x0000000181750000,0x0000000182ed0000)
 ParOldGen       total 126592K, used 61097K [0x0000000115ed0000, 0x000000011da70000, 0x000000015e980000)
  object space 126592K, 48% used [0x0000000115ed0000,0x0000000119a7a788,0x000000011da70000)
 PSPermGen       total 21248K, used 3945K [0x0000000110cd0000, 0x0000000112190000, 0x0000000115ed0000)
  object space 21248K, 18% used [0x0000000110cd0000,0x00000001110aa700,0x0000000112190000)
}

Deoptimization events (10 events):
Event: 3.162 Thread 0x00007ff82c000800 Uncommon trap -83 fr.pc 0x000000010dca4ac4
Event: 3.162 Thread 0x00007ff82c000800 Uncommon trap -34 fr.pc 0x000000010dc73990
Event: 3.162 Thread 0x00007ff82c000800 Uncommon trap -83 fr.pc 0x000000010dc9e7fc
Event: 3.164 Thread 0x00007ff82c000800 Uncommon trap -34 fr.pc 0x000000010dca86bc
Event: 3.164 Thread 0x00007ff82c000800 Uncommon trap -34 fr.pc 0x000000010dca86bc
Event: 3.166 Thread 0x00007ff82c000800 Uncommon trap -34 fr.pc 0x000000010dca86bc
Event: 3.166 Thread 0x00007ff82c000800 Uncommon trap -34 fr.pc 0x000000010dca86bc
Event: 3.166 Thread 0x00007ff82c000800 Uncommon trap -34 fr.pc 0x000000010dc91a58
Event: 3.166 Thread 0x00007ff82c000800 Uncommon trap -83 fr.pc 0x000000010dc664b8
Event: 3.306 Thread 0x00007ff82c000800 Uncommon trap 65 fr.pc 0x000000010dcea284

Internal exceptions (10 events):
Event: 3.160 Thread 0x00007ff82c000800 Threw 0x00000001614d9030 at /HUDSON/workspace/jdk7u15-2-build-macosx-amd64-product/jdk7u15/hotspot/src/share/vm/prims/jvm.cpp:1166
Event: 3.162 Thread 0x00007ff82c000800 Implicit null exception at 0x000000010dc915ef to 0x000000010dc916a5
Event: 3.162 Thread 0x00007ff82c000800 Implicit null exception at 0x000000010dc9e730 to 0x000000010dc9e7e5
Event: 3.162 Thread 0x00007ff82c000800 Threw 0x00000001614e4290 at /HUDSON/workspace/jdk7u15-2-build-macosx-amd64-product/jdk7u15/hotspot/src/share/vm/prims/jvm.cpp:1166
Event: 3.166 Thread 0x00007ff82c000800 Threw 0x00000001614f7eb8 at /HUDSON/workspace/jdk7u15-2-build-macosx-amd64-product/jdk7u15/hotspot/src/share/vm/prims/jvm.cpp:1166
Event: 3.166 Thread 0x00007ff82c000800 Threw 0x00000001614fbc40 at /HUDSON/workspace/jdk7u15-2-build-macosx-amd64-product/jdk7u15/hotspot/src/share/vm/prims/jvm.cpp:1166
Event: 3.167 Thread 0x00007ff82c000800 Threw 0x00000001614ff900 at /HUDSON/workspace/jdk7u15-2-build-macosx-amd64-product/jdk7u15/hotspot/src/share/vm/prims/jvm.cpp:1166
Event: 3.188 Thread 0x00007ff82c000800 Threw 0x00000001615083f8 at /HUDSON/workspace/jdk7u15-2-build-macosx-amd64-product/jdk7u15/hotspot/src/share/vm/prims/jvm.cpp:1166
Event: 3.300 Thread 0x00007ff82c000800 Threw 0x0000000163ac61a8 at /HUDSON/workspace/jdk7u15-2-build-macosx-amd64-product/jdk7u15/hotspot/src/share/vm/prims/jvm.cpp:1166
Event: 4.493 Thread 0x00007ff82c000800 Threw 0x000000016047f8b8 at /HUDSON/workspace/jdk7u15-2-build-macosx-amd64-product/jdk7u15/hotspot/src/share/vm/prims/jvm.cpp:1166

Events (10 events):
Event: 90.463 Executing VM operation: ChangeBreakpoints done
Event: 90.464 Executing VM operation: EnterInterpOnlyMode
Event: 90.464 Executing VM operation: EnterInterpOnlyMode done
Event: 90.464 Executing VM operation: GetCurrentLocation
Event: 90.464 Executing VM operation: GetCurrentLocation done
Event: 90.464 Executing VM operation: ChangeSingleStep
Event: 90.464 Executing VM operation: ChangeSingleStep done
Event: 90.465 Executing VM operation: ChangeSingleStep
Event: 90.465 Executing VM operation: ChangeSingleStep done
Event: 90.663 Executing VM operation: GetOrSetLocal


Dynamic libraries:
0x0000000009717000 	/System/Library/Frameworks/Cocoa.framework/Versions/A/Cocoa
0x0000000009717000 	/System/Library/Frameworks/Security.framework/Versions/A/Security
0x0000000009717000 	/System/Library/Frameworks/ApplicationServices.framework/Versions/A/ApplicationServices
0x0000000009717000 	/usr/lib/libz.1.dylib
0x0000000009717000 	/usr/lib/libSystem.B.dylib
0x0000000009717000 	/usr/lib/libobjc.A.dylib
0x0000000009717000 	/System/Library/Frameworks/CoreFoundation.framework/Versions/A/CoreFoundation
0x0000000009717000 	/System/Library/Frameworks/AppKit.framework/Versions/C/AppKit
0x0000000009717000 	/System/Library/Frameworks/CoreData.framework/Versions/A/CoreData
0x0000000009717000 	/System/Library/Frameworks/Foundation.framework/Versions/C/Foundation
0x0000000009717000 	/System/Library/PrivateFrameworks/RemoteViewServices.framework/Versions/A/RemoteViewServices
0x0000000009717000 	/System/Library/Frameworks/AudioToolbox.framework/Versions/A/AudioToolbox
0x0000000009717000 	/System/Library/Frameworks/AudioUnit.framework/Versions/A/AudioUnit
0x0000000009717000 	/System/Library/PrivateFrameworks/DataDetectorsCore.framework/Versions/A/DataDetectorsCore
0x0000000009717000 	/System/Library/PrivateFrameworks/DesktopServicesPriv.framework/Versions/A/DesktopServicesPriv
0x0000000009717000 	/System/Library/Frameworks/Carbon.framework/Versions/A/Frameworks/HIToolbox.framework/Versions/A/HIToolbox
0x0000000009717000 	/System/Library/Frameworks/QuartzCore.framework/Versions/A/QuartzCore
0x0000000009717000 	/System/Library/Frameworks/Carbon.framework/Versions/A/Frameworks/SpeechRecognition.framework/Versions/A/SpeechRecognition
0x0000000009717000 	/usr/lib/libauto.dylib
0x0000000009717000 	/usr/lib/libicucore.A.dylib
0x0000000009717000 	/usr/lib/libxml2.2.dylib
0x0000000009717000 	/System/Library/PrivateFrameworks/CoreUI.framework/Versions/A/CoreUI
0x0000000009717000 	/System/Library/Frameworks/CoreAudio.framework/Versions/A/CoreAudio
0x0000000009717000 	/System/Library/Frameworks/DiskArbitration.framework/Versions/A/DiskArbitration
0x0000000009717000 	/usr/lib/liblangid.dylib
0x0000000009717000 	/System/Library/PrivateFrameworks/MultitouchSupport.framework/Versions/A/MultitouchSupport
0x0000000009717000 	/System/Library/Frameworks/IOKit.framework/Versions/A/IOKit
0x0000000009717000 	/usr/lib/libDiagnosticMessagesClient.dylib
0x0000000009717000 	/System/Library/Frameworks/CoreServices.framework/Versions/A/CoreServices
0x0000000009717000 	/System/Library/PrivateFrameworks/PerformanceAnalysis.framework/Versions/A/PerformanceAnalysis
0x0000000009717000 	/System/Library/PrivateFrameworks/GenerationalStorage.framework/Versions/A/GenerationalStorage
0x0000000009717000 	/System/Library/Frameworks/OpenGL.framework/Versions/A/OpenGL
0x0000000009717000 	/System/Library/Frameworks/CoreText.framework/Versions/A/CoreText
0x0000000009717000 	/System/Library/Frameworks/ImageIO.framework/Versions/A/ImageIO
0x0000000009717000 	/System/Library/PrivateFrameworks/Backup.framework/Versions/A/Backup
0x0000000009717000 	/System/Library/Frameworks/CFNetwork.framework/Versions/A/CFNetwork
0x0000000009717000 	/System/Library/Frameworks/SystemConfiguration.framework/Versions/A/SystemConfiguration
0x0000000009717000 	/usr/lib/libCRFSuite.dylib
0x0000000009717000 	/System/Library/PrivateFrameworks/TCC.framework/Versions/A/TCC
0x0000000009717000 	/usr/lib/libc++.1.dylib
0x0000000009717000 	/usr/lib/libc++abi.dylib
0x0000000009717000 	/usr/lib/system/libcache.dylib
0x0000000009717000 	/usr/lib/system/libcommonCrypto.dylib
0x0000000009717000 	/usr/lib/system/libcompiler_rt.dylib
0x0000000009717000 	/usr/lib/system/libcopyfile.dylib
0x0000000009717000 	/usr/lib/system/libdispatch.dylib
0x0000000009717000 	/usr/lib/system/libdnsinfo.dylib
0x0000000009717000 	/usr/lib/system/libdyld.dylib
0x0000000009717000 	/usr/lib/system/libkeymgr.dylib
0x0000000009717000 	/usr/lib/system/liblaunch.dylib
0x0000000009717000 	/usr/lib/system/libmacho.dylib
0x0000000009717000 	/usr/lib/system/libquarantine.dylib
0x0000000009717000 	/usr/lib/system/libremovefile.dylib
0x0000000009717000 	/usr/lib/system/libsystem_blocks.dylib
0x0000000009717000 	/usr/lib/system/libsystem_c.dylib
0x0000000009717000 	/usr/lib/system/libsystem_dnssd.dylib
0x0000000009717000 	/usr/lib/system/libsystem_info.dylib
0x0000000009717000 	/usr/lib/system/libsystem_kernel.dylib
0x0000000009717000 	/usr/lib/system/libsystem_m.dylib
0x0000000009717000 	/usr/lib/system/libsystem_network.dylib
0x0000000009717000 	/usr/lib/system/libsystem_notify.dylib
0x0000000009717000 	/usr/lib/system/libsystem_sandbox.dylib
0x0000000009717000 	/usr/lib/system/libunc.dylib
0x0000000009717000 	/usr/lib/system/libunwind.dylib
0x0000000009717000 	/usr/lib/system/libxpc.dylib
0x0000000009717000 	/usr/lib/system/libcorecrypto.dylib
0x0000000009717000 	/usr/lib/libstdc++.6.dylib
0x0000000009717000 	/usr/lib/libbsm.0.dylib
0x0000000009717000 	/usr/lib/libsqlite3.dylib
0x0000000009717000 	/usr/lib/libxar.1.dylib
0x0000000009717000 	/usr/lib/libpam.2.dylib
0x0000000009717000 	/usr/lib/libOpenScriptingUtil.dylib
0x0000000009717000 	/usr/lib/libbz2.1.0.dylib
0x0000000009717000 	/System/Library/Frameworks/CoreServices.framework/Versions/A/Frameworks/CarbonCore.framework/Versions/A/CarbonCore
0x0000000009717000 	/System/Library/Frameworks/CoreServices.framework/Versions/A/Frameworks/Metadata.framework/Versions/A/Metadata
0x0000000009717000 	/System/Library/Frameworks/CoreServices.framework/Versions/A/Frameworks/OSServices.framework/Versions/A/OSServices
0x0000000009717000 	/System/Library/Frameworks/CoreServices.framework/Versions/A/Frameworks/SearchKit.framework/Versions/A/SearchKit
0x0000000009717000 	/System/Library/Frameworks/CoreServices.framework/Versions/A/Frameworks/AE.framework/Versions/A/AE
0x0000000009717000 	/System/Library/Frameworks/CoreServices.framework/Versions/A/Frameworks/LaunchServices.framework/Versions/A/LaunchServices
0x0000000009717000 	/System/Library/Frameworks/CoreServices.framework/Versions/A/Frameworks/DictionaryServices.framework/Versions/A/DictionaryServices
0x0000000009717000 	/System/Library/Frameworks/NetFS.framework/Versions/A/NetFS
0x0000000009717000 	/usr/lib/system/libkxld.dylib
0x0000000009717000 	/System/Library/PrivateFrameworks/NetAuth.framework/Versions/A/NetAuth
0x0000000009717000 	/System/Library/Frameworks/OpenDirectory.framework/Versions/A/Frameworks/CFOpenDirectory.framework/Versions/A/CFOpenDirectory
0x0000000009717000 	/usr/lib/libxslt.1.dylib
0x0000000009717000 	/System/Library/PrivateFrameworks/FamilyControls.framework/Versions/A/FamilyControls
0x0000000009717000 	/System/Library/Frameworks/Carbon.framework/Versions/A/Frameworks/Ink.framework/Versions/A/Ink
0x0000000009717000 	/System/Library/Frameworks/ApplicationServices.framework/Versions/A/Frameworks/CoreGraphics.framework/Versions/A/CoreGraphics
0x0000000009717000 	/System/Library/Frameworks/ApplicationServices.framework/Versions/A/Frameworks/ATS.framework/Versions/A/ATS
0x0000000009717000 	/System/Library/Frameworks/ApplicationServices.framework/Versions/A/Frameworks/ColorSync.framework/Versions/A/ColorSync
0x0000000009717000 	/System/Library/Frameworks/ApplicationServices.framework/Versions/A/Frameworks/HIServices.framework/Versions/A/HIServices
0x0000000009717000 	/System/Library/Frameworks/ApplicationServices.framework/Versions/A/Frameworks/LangAnalysis.framework/Versions/A/LangAnalysis
0x0000000009717000 	/System/Library/Frameworks/ApplicationServices.framework/Versions/A/Frameworks/PrintCore.framework/Versions/A/PrintCore
0x0000000009717000 	/System/Library/Frameworks/ApplicationServices.framework/Versions/A/Frameworks/QD.framework/Versions/A/QD
0x0000000009717000 	/System/Library/Frameworks/ApplicationServices.framework/Versions/A/Frameworks/SpeechSynthesis.framework/Versions/A/SpeechSynthesis
0x0000000009717000 	/System/Library/Frameworks/IOSurface.framework/Versions/A/IOSurface
0x0000000009717000 	/System/Library/Frameworks/Accelerate.framework/Versions/A/Accelerate
0x0000000009717000 	/System/Library/Frameworks/ApplicationServices.framework/Versions/A/Frameworks/ATS.framework/Versions/A/Resources/libFontParser.dylib
0x0000000009717000 	/System/Library/Frameworks/ApplicationServices.framework/Versions/A/Frameworks/ATS.framework/Versions/A/Resources/libFontRegistry.dylib
0x0000000009717000 	/System/Library/Frameworks/Accelerate.framework/Versions/A/Frameworks/vImage.framework/Versions/A/vImage
0x0000000009717000 	/System/Library/Frameworks/Accelerate.framework/Versions/A/Frameworks/vecLib.framework/Versions/A/vecLib
0x0000000009717000 	/System/Library/Frameworks/Accelerate.framework/Versions/A/Frameworks/vecLib.framework/Versions/A/libvDSP.dylib
0x0000000009717000 	/System/Library/Frameworks/Accelerate.framework/Versions/A/Frameworks/vecLib.framework/Versions/A/libvMisc.dylib
0x0000000009717000 	/System/Library/Frameworks/Accelerate.framework/Versions/A/Frameworks/vecLib.framework/Versions/A/libLAPACK.dylib
0x0000000009717000 	/System/Library/Frameworks/Accelerate.framework/Versions/A/Frameworks/vecLib.framework/Versions/A/libBLAS.dylib
0x0000000009717000 	/System/Library/Frameworks/ImageIO.framework/Versions/A/Resources/libJPEG.dylib
0x0000000009717000 	/System/Library/Frameworks/ImageIO.framework/Versions/A/Resources/libTIFF.dylib
0x0000000009717000 	/System/Library/Frameworks/ImageIO.framework/Versions/A/Resources/libPng.dylib
0x0000000009717000 	/System/Library/Frameworks/ImageIO.framework/Versions/A/Resources/libGIF.dylib
0x0000000009717000 	/System/Library/Frameworks/ImageIO.framework/Versions/A/Resources/libJP2.dylib
0x0000000009717000 	/System/Library/Frameworks/ImageIO.framework/Versions/A/Resources/libRadiance.dylib
0x0000000009717000 	/usr/lib/libcups.2.dylib
0x0000000009717000 	/System/Library/Frameworks/Kerberos.framework/Versions/A/Kerberos
0x0000000009717000 	/System/Library/Frameworks/GSS.framework/Versions/A/GSS
0x0000000009717000 	/usr/lib/libresolv.9.dylib
0x0000000009717000 	/usr/lib/libiconv.2.dylib
0x0000000009717000 	/System/Library/PrivateFrameworks/Heimdal.framework/Versions/A/Heimdal
0x0000000009717000 	/System/Library/PrivateFrameworks/TrustEvaluationAgent.framework/Versions/A/TrustEvaluationAgent
0x0000000009717000 	/System/Library/Frameworks/OpenDirectory.framework/Versions/A/OpenDirectory
0x0000000009717000 	/System/Library/PrivateFrameworks/CommonAuth.framework/Versions/A/CommonAuth
0x0000000009717000 	/System/Library/PrivateFrameworks/Bom.framework/Versions/A/Bom
0x0000000009717000 	/System/Library/Frameworks/CoreVideo.framework/Versions/A/CoreVideo
0x0000000009717000 	/System/Library/Frameworks/QuartzCore.framework/Versions/A/Frameworks/CoreImage.framework/Versions/A/CoreImage
0x0000000009717000 	/System/Library/Frameworks/QuartzCore.framework/Versions/A/Frameworks/ScalableUserInterface.framework/Versions/A/ScalableUserInterface
0x0000000009717000 	/System/Library/Frameworks/OpenGL.framework/Versions/A/Libraries/libGLU.dylib
0x0000000009717000 	/System/Library/Frameworks/OpenGL.framework/Versions/A/Libraries/libGFXShared.dylib
0x0000000009717000 	/System/Library/Frameworks/OpenGL.framework/Versions/A/Libraries/libGL.dylib
0x0000000009717000 	/System/Library/Frameworks/OpenGL.framework/Versions/A/Libraries/libGLImage.dylib
0x0000000009717000 	/System/Library/Frameworks/OpenGL.framework/Versions/A/Libraries/libCVMSPluginSupport.dylib
0x0000000009717000 	/System/Library/Frameworks/OpenGL.framework/Versions/A/Libraries/libCoreVMClient.dylib
0x0000000009717000 	/System/Library/PrivateFrameworks/CrashReporterSupport.framework/Versions/A/CrashReporterSupport
0x0000000009717000 	/System/Library/Frameworks/OpenCL.framework/Versions/A/OpenCL
0x0000000009717000 	/System/Library/PrivateFrameworks/FaceCoreLight.framework/Versions/A/FaceCoreLight
0x0000000009717000 	/System/Library/PrivateFrameworks/AppleFSCompression.framework/Versions/A/AppleFSCompression
0x0000000009717000 	/System/Library/PrivateFrameworks/Ubiquity.framework/Versions/A/Ubiquity
0x0000000009717000 	/System/Library/Frameworks/ServiceManagement.framework/Versions/A/ServiceManagement
0x0000000009717000 	/System/Library/PrivateFrameworks/ChunkingLibrary.framework/Versions/A/ChunkingLibrary
0x0000000009717000 	/System/Library/Frameworks/vecLib.framework/Versions/A/vecLib
0x0000000009717000 	/System/Library/Frameworks/SecurityFoundation.framework/Versions/A/SecurityFoundation
0x0000000009717000 	/System/Library/PrivateFrameworks/CommerceKit.framework/Versions/A/Frameworks/CommerceCore.framework/Versions/A/CommerceCore
0x0000000009717000 	/System/Library/PrivateFrameworks/CoreSymbolication.framework/Versions/A/CoreSymbolication
0x0000000009717000 	/System/Library/PrivateFrameworks/Symbolication.framework/Versions/A/Symbolication
0x0000000009717000 	/System/Library/PrivateFrameworks/DebugSymbols.framework/Versions/A/DebugSymbols
0x000000010cf3a000 	/Library/Java/JavaVirtualMachines/jdk1.7.0_15.jdk/Contents/Home/jre/lib/server/libjvm.dylib
0x000000010dae4000 	/Library/Java/JavaVirtualMachines/jdk1.7.0_15.jdk/Contents/Home/jre/lib/libverify.dylib
0x000000010daf1000 	/Library/Java/JavaVirtualMachines/jdk1.7.0_15.jdk/Contents/Home/jre/lib/libjava.dylib
0x000000010db22000 	/Library/Java/JavaVirtualMachines/jdk1.7.0_15.jdk/Contents/Home/jre/lib/libjdwp.dylib
0x000000010db5f000 	/Library/Java/JavaVirtualMachines/jdk1.7.0_15.jdk/Contents/Home/jre/lib/./libnpt.dylib
0x000000010dbef000 	/Library/Java/JavaVirtualMachines/jdk1.7.0_15.jdk/Contents/Home/jre/lib/libzip.dylib
0x000000018a5e8000 	/System/Library/Frameworks/JavaVM.framework/Frameworks/JavaRuntimeSupport.framework/JavaRuntimeSupport
0x000000018a600000 	/System/Library/Frameworks/JavaVM.framework/Versions/A/Frameworks/JavaNativeFoundation.framework/Versions/A/JavaNativeFoundation
0x000000018a615000 	/System/Library/Frameworks/JavaVM.framework/Versions/A/JavaVM
0x0000000009717000 	/System/Library/Frameworks/Carbon.framework/Versions/A/Carbon
0x000000018a622000 	/System/Library/PrivateFrameworks/JavaLaunching.framework/Versions/A/JavaLaunching
0x0000000009717000 	/System/Library/Frameworks/Carbon.framework/Versions/A/Frameworks/CommonPanels.framework/Versions/A/CommonPanels
0x0000000009717000 	/System/Library/Frameworks/Carbon.framework/Versions/A/Frameworks/Help.framework/Versions/A/Help
0x0000000009717000 	/System/Library/Frameworks/Carbon.framework/Versions/A/Frameworks/ImageCapture.framework/Versions/A/ImageCapture
0x0000000009717000 	/System/Library/Frameworks/Carbon.framework/Versions/A/Frameworks/OpenScripting.framework/Versions/A/OpenScripting
0x0000000009717000 	/System/Library/Frameworks/Carbon.framework/Versions/A/Frameworks/Print.framework/Versions/A/Print
0x0000000009717000 	/System/Library/Frameworks/Carbon.framework/Versions/A/Frameworks/SecurityHI.framework/Versions/A/SecurityHI
0x000000018a837000 	/Library/Java/JavaVirtualMachines/jdk1.7.0_15.jdk/Contents/Home/jre/lib/libdt_socket.dylib

VM Arguments:
jvm_args: -agentlib:jdwp=transport=dt_socket,suspend=y,address=localhost:63905 -Dfile.encoding=US-ASCII 
java_command: ClassifierRunner
Launcher Type: SUN_STANDARD

Environment Variables:
PATH=/usr/bin:/bin:/usr/sbin:/sbin
SHELL=/bin/bash
DISPLAY=/tmp/launch-mFkpHu/org.macosforge.xquartz:0

Signal Handlers:
SIGSEGV: [libjvm.dylib+0x4a361d], sa_mask[0]=0xfffefeff, sa_flags=0x00000042
SIGBUS: [libjvm.dylib+0x4a361d], sa_mask[0]=0xfffefeff, sa_flags=0x00000042
SIGFPE: [libjvm.dylib+0x3b302d], sa_mask[0]=0xfffefeff, sa_flags=0x00000042
SIGPIPE: [libjvm.dylib+0x3b302d], sa_mask[0]=0xfffefeff, sa_flags=0x00000042
SIGXFSZ: [libjvm.dylib+0x3b302d], sa_mask[0]=0xfffefeff, sa_flags=0x00000042
SIGILL: [libjvm.dylib+0x3b302d], sa_mask[0]=0xfffefeff, sa_flags=0x00000042
SIGUSR1: SIG_DFL, sa_mask[0]=0x00000000, sa_flags=0x00000002
SIGUSR2: [libjvm.dylib+0x3b2bc6], sa_mask[0]=0x00000004, sa_flags=0x00000042
SIGHUP: [libjvm.dylib+0x3b0e27], sa_mask[0]=0xfffefeff, sa_flags=0x00000042
SIGINT: [libjvm.dylib+0x3b0e27], sa_mask[0]=0xfffefeff, sa_flags=0x00000042
SIGTERM: [libjvm.dylib+0x3b0e27], sa_mask[0]=0xfffefeff, sa_flags=0x00000042
SIGQUIT: [libjvm.dylib+0x3b0e27], sa_mask[0]=0xfffefeff, sa_flags=0x00000042


---------------  S Y S T E M  ---------------

OS:Bsduname:Darwin 12.5.0 Darwin Kernel Version 12.5.0: Sun Sep 29 13:33:47 PDT 2013; root:xnu-2050.48.12~1/RELEASE_X86_64 x86_64
rlimit: STACK 8192k, CORE 0k, NPROC 709, NOFILE 10240, AS infinity
load average:1.86 1.79 1.73

CPU:total 8 (4 cores per cpu, 2 threads per core) family 6 model 58 stepping 9, cmov, cx8, fxsr, mmx, sse, sse2, sse3, ssse3, sse4.1, sse4.2, popcnt, avx, ht, tsc, tscinvbit, tscinv

Memory: 4k page, physical 7137496k(1784374k free)

/proc/meminfo:


vm_info: Java HotSpot(TM) 64-Bit Server VM (23.7-b01) for bsd-amd64 JRE (1.7.0_15-b03), built on Feb 15 2013 14:26:35 by "java_re" with gcc 4.2.1 (Based on Apple Inc. build 5658) (LLVM build 2336.11.00)

time: Sat May  3 18:39:31 2014
elapsed time: 90 seconds

